app/build/intermediates/manifest_merge_blame_file/debug/processDebugMainManifest/manifest-merger-blame-debug-report.txt
1<?xml version="1.0" encoding="utf-8"?>
2<manifest xmlns:android="http://schemas.android.com/apk/res/android"
3    package="com.signalscope.app"
4    android:versionCode="1"
5    android:versionName="1.0.0" >
6
7    <uses-sdk
7-->INJECTED
8        android:minSdkVersion="26"
8-->INJECTED
9        android:targetSdkVersion="34" />
9-->INJECTED
10
11    <uses-permission android:name="android.permission.INTERNET" />
11-->src\main\AndroidManifest.xml:4:5-67
11-->src\main\AndroidManifest.xml:4:22-64
12    <uses-permission android:name="android.permission.FOREGROUND_SERVICE" />
12-->src\main\AndroidManifest.xml:5:5-77
12-->src\main\AndroidManifest.xml:5:22-74
13    <uses-permission android:name="android.permission.FOREGROUND_SERVICE_DATA_SYNC" />
13-->src\main\AndroidManifest.xml:6:5-87
13-->src\main\AndroidManifest.xml:6:22-84
14    <uses-permission android:name="android.permission.POST_NOTIFICATIONS" />
14-->src\main\AndroidManifest.xml:7:5-77
14-->src\main\AndroidManifest.xml:7:22-74
15    <uses-permission android:name="android.permission.RECEIVE_BOOT_COMPLETED" />
15-->src\main\AndroidManifest.xml:8:5-81
15-->src\main\AndroidManifest.xml:8:22-78
16    <uses-permission android:name="android.permission.WAKE_LOCK" />
16-->src\main\AndroidManifest.xml:9:5-68
16-->src\main\AndroidManifest.xml:9:22-65
17    <uses-permission android:name="android.permission.REQUEST_IGNORE_BATTERY_OPTIMIZATIONS" />
17-->src\main\AndroidManifest.xml:10:5-95
17-->src\main\AndroidManifest.xml:10:22-92
18    <uses-permission android:name="android.permission.VIBRATE" />
18-->src\main\AndroidManifest.xml:11:5-66
18-->src\main\AndroidManifest.xml:11:22-63
19    <!--
20         WiFi lock keeps the radio awake during long scans so packets don't drop
21         when the screen turns off / phone goes idle (root cause of mid-scan stalls).
22    -->
23    <uses-permission android:name="android.permission.ACCESS_WIFI_STATE" />
23-->src\main\AndroidManifest.xml:14:5-76
23-->src\main\AndroidManifest.xml:14:22-73
24    <!--
25         AlarmManager wake-ups for the automatic ROBUST discovery schedule
26         (every 2h during market hours). Inexact is enough — we don't need
27         to-the-second precision and inexact survives Doze better.
28    -->
29    <uses-permission android:name="android.permission.SCHEDULE_EXACT_ALARM" />
29-->src\main\AndroidManifest.xml:18:5-79
29-->src\main\AndroidManifest.xml:18:22-76
30    <uses-permission android:name="android.permission.ACCESS_NETWORK_STATE" />
30-->[androidx.work:work-runtime:2.9.0] AndroidManifest.xml:24:5-79
30-->[androidx.work:work-runtime:2.9.0] AndroidManifest.xml:24:22-76
31
32    <permission
32-->[androidx.core:core:1.12.0] AndroidManifest.xml:22:5-24:47
33        android:name="com.signalscope.app.DYNAMIC_RECEIVER_NOT_EXPORTED_PERMISSION"
33-->[androidx.core:core:1.12.0] AndroidManifest.xml:23:9-81
34        android:protectionLevel="signature" />
34-->[androidx.core:core:1.12.0] AndroidManifest.xml:24:9-44
35
36    <uses-permission android:name="com.signalscope.app.DYNAMIC_RECEIVER_NOT_EXPORTED_PERMISSION" />
36-->[androidx.core:core:1.12.0] AndroidManifest.xml:26:5-97
36-->[androidx.core:core:1.12.0] AndroidManifest.xml:26:22-94
37
38    <application
38-->src\main\AndroidManifest.xml:20:5-92:19
39        android:name="com.signalscope.app.SignalScopeApp"
39-->src\main\AndroidManifest.xml:21:9-39
40        android:allowBackup="true"
40-->src\main\AndroidManifest.xml:22:9-35
41        android:appComponentFactory="androidx.core.app.CoreComponentFactory"
41-->[androidx.core:core:1.12.0] AndroidManifest.xml:28:18-86
42        android:dataExtractionRules="@xml/backup_rules"
42-->src\main\AndroidManifest.xml:23:9-56
43        android:debuggable="true"
44        android:extractNativeLibs="false"
44-->INJECTED
45        android:fullBackupContent="false"
45-->src\main\AndroidManifest.xml:24:9-42
46        android:icon="@mipmap/ic_launcher"
46-->src\main\AndroidManifest.xml:25:9-43
47        android:label="SignalScope"
47-->src\main\AndroidManifest.xml:26:9-36
48        android:networkSecurityConfig="@xml/network_security_config"
48-->src\main\AndroidManifest.xml:29:9-69
49        android:supportsRtl="true"
49-->src\main\AndroidManifest.xml:27:9-35
50        android:testOnly="true"
51        android:theme="@style/Theme.SignalScope" >
51-->src\main\AndroidManifest.xml:28:9-49
52        <activity
52-->src\main\AndroidManifest.xml:31:9-39:20
53            android:name="com.signalscope.app.ui.PasswordActivity"
53-->src\main\AndroidManifest.xml:32:13-48
54            android:exported="true"
54-->src\main\AndroidManifest.xml:33:13-36
55            android:screenOrientation="portrait" >
55-->src\main\AndroidManifest.xml:34:13-49
56            <intent-filter>
56-->src\main\AndroidManifest.xml:35:13-38:29
57                <action android:name="android.intent.action.MAIN" />
57-->src\main\AndroidManifest.xml:36:17-69
57-->src\main\AndroidManifest.xml:36:25-66
58
59                <category android:name="android.intent.category.LAUNCHER" />
59-->src\main\AndroidManifest.xml:37:17-77
59-->src\main\AndroidManifest.xml:37:27-74
60            </intent-filter>
61        </activity>
62
63        <!--
64             MainActivity: rotation supported for wide-angle view.
65             configChanges so the Activity handles orientation in-place (no
66             destroy/recreate) — preserves the WebView state, in-flight AI
67             callbacks, and scan-service poll handlers across rotation.
68        -->
69        <activity
69-->src\main\AndroidManifest.xml:45:9-49:90
70            android:name="com.signalscope.app.ui.MainActivity"
70-->src\main\AndroidManifest.xml:46:13-44
71            android:configChanges="orientation|screenSize|screenLayout|keyboardHidden"
71-->src\main\AndroidManifest.xml:49:13-87
72            android:exported="false"
72-->src\main\AndroidManifest.xml:47:13-37
73            android:launchMode="singleTop" />
73-->src\main\AndroidManifest.xml:48:13-43
74        <activity
74-->src\main\AndroidManifest.xml:51:9-55:61
75            android:name="com.signalscope.app.ui.SettingsActivity"
75-->src\main\AndroidManifest.xml:52:13-48
76            android:configChanges="orientation|screenSize|screenLayout|keyboardHidden"
76-->src\main\AndroidManifest.xml:54:13-87
77            android:exported="false"
77-->src\main\AndroidManifest.xml:53:13-37
78            android:parentActivityName="com.signalscope.app.ui.MainActivity" />
78-->src\main\AndroidManifest.xml:55:13-58
79
80        <!-- Background scanning service -->
81        <service
81-->src\main\AndroidManifest.xml:58:9-61:56
82            android:name="com.signalscope.app.service.ScanService"
82-->src\main\AndroidManifest.xml:59:13-48
83            android:exported="false"
83-->src\main\AndroidManifest.xml:60:13-37
84            android:foregroundServiceType="dataSync" />
84-->src\main\AndroidManifest.xml:61:13-53
85
86        <!-- Boot receiver to restart scanning on reboot -->
87        <receiver
87-->src\main\AndroidManifest.xml:64:9-72:20
88            android:name="com.signalscope.app.service.BootReceiver"
88-->src\main\AndroidManifest.xml:65:13-49
89            android:enabled="true"
89-->src\main\AndroidManifest.xml:67:13-35
90            android:exported="true" >
90-->src\main\AndroidManifest.xml:66:13-36
91            <intent-filter>
91-->src\main\AndroidManifest.xml:68:13-71:29
92                <action android:name="android.intent.action.BOOT_COMPLETED" />
92-->src\main\AndroidManifest.xml:69:17-79
92-->src\main\AndroidManifest.xml:69:25-76
93                <action android:name="android.intent.action.QUICKBOOT_POWERON" />
93-->src\main\AndroidManifest.xml:70:17-82
93-->src\main\AndroidManifest.xml:70:25-79
94            </intent-filter>
95        </receiver>
96
97        <!--
98             AlarmManager receiver: fires every 2h during market hours
99             to start an automatic ROBUST NIFTY 500 discovery scan.
100             Not exported — only the OS alarm system pokes it.
101        -->
102        <receiver
102-->src\main\AndroidManifest.xml:77:9-79:40
103            android:name="com.signalscope.app.service.AutoDiscoveryReceiver"
103-->src\main\AndroidManifest.xml:78:13-58
104            android:exported="false" />
104-->src\main\AndroidManifest.xml:79:13-37
105
106        <!-- FileProvider for sharing PDFs from cache -->
107        <provider
107-->INJECTED
108            android:name="androidx.core.content.FileProvider"
108-->src\main\AndroidManifest.xml:83:13-62
109            android:authorities="com.signalscope.app.fileprovider"
109-->INJECTED
110            android:exported="false"
110-->src\main\AndroidManifest.xml:85:13-37
111            android:grantUriPermissions="true" >
111-->src\main\AndroidManifest.xml:86:13-47
112            <meta-data
112-->src\main\AndroidManifest.xml:87:13-89:54
113                android:name="android.support.FILE_PROVIDER_PATHS"
113-->src\main\AndroidManifest.xml:88:17-67
114                android:resource="@xml/file_paths" />
114-->src\main\AndroidManifest.xml:89:17-51
115        </provider>
116        <provider
116-->[androidx.emoji2:emoji2:1.2.0] AndroidManifest.xml:24:9-32:20
117            android:name="androidx.startup.InitializationProvider"
117-->[androidx.emoji2:emoji2:1.2.0] AndroidManifest.xml:25:13-67
118            android:authorities="com.signalscope.app.androidx-startup"
118-->[androidx.emoji2:emoji2:1.2.0] AndroidManifest.xml:26:13-68
119            android:exported="false" >
119-->[androidx.emoji2:emoji2:1.2.0] AndroidManifest.xml:27:13-37
120            <meta-data
120-->[androidx.emoji2:emoji2:1.2.0] AndroidManifest.xml:29:13-31:52
121                android:name="androidx.emoji2.text.EmojiCompatInitializer"
121-->[androidx.emoji2:emoji2:1.2.0] AndroidManifest.xml:30:17-75
122                android:value="androidx.startup" />
122-->[androidx.emoji2:emoji2:1.2.0] AndroidManifest.xml:31:17-49
123            <meta-data
123-->[androidx.work:work-runtime:2.9.0] AndroidManifest.xml:34:13-36:52
124                android:name="androidx.work.WorkManagerInitializer"
124-->[androidx.work:work-runtime:2.9.0] AndroidManifest.xml:35:17-68
125                android:value="androidx.startup" />
125-->[androidx.work:work-runtime:2.9.0] AndroidManifest.xml:36:17-49
126            <meta-data
126-->[androidx.lifecycle:lifecycle-process:2.7.0] AndroidManifest.xml:29:13-31:52
127                android:name="androidx.lifecycle.ProcessLifecycleInitializer"
127-->[androidx.lifecycle:lifecycle-process:2.7.0] AndroidManifest.xml:30:17-78
128                android:value="androidx.startup" />
128-->[androidx.lifecycle:lifecycle-process:2.7.0] AndroidManifest.xml:31:17-49
129            <meta-data
129-->[androidx.profileinstaller:profileinstaller:1.3.0] AndroidManifest.xml:29:13-31:52
130                android:name="androidx.profileinstaller.ProfileInstallerInitializer"
130-->[androidx.profileinstaller:profileinstaller:1.3.0] AndroidManifest.xml:30:17-85
131                android:value="androidx.startup" />
131-->[androidx.profileinstaller:profileinstaller:1.3.0] AndroidManifest.xml:31:17-49
132        </provider>
133
134        <service
134-->[androidx.work:work-runtime:2.9.0] AndroidManifest.xml:39:9-45:35
135            android:name="androidx.work.impl.background.systemalarm.SystemAlarmService"
135-->[androidx.work:work-runtime:2.9.0] AndroidManifest.xml:40:13-88
136            android:directBootAware="false"
136-->[androidx.work:work-runtime:2.9.0] AndroidManifest.xml:41:13-44
137            android:enabled="@bool/enable_system_alarm_service_default"
137-->[androidx.work:work-runtime:2.9.0] AndroidManifest.xml:42:13-72
138            android:exported="false" />
138-->[androidx.work:work-runtime:2.9.0] AndroidManifest.xml:43:13-37
139        <service
139-->[androidx.work:work-runtime:2.9.0] AndroidManifest.xml:46:9-52:35
140            android:name="androidx.work.impl.background.systemjob.SystemJobService"
140-->[androidx.work:work-runtime:2.9.0] AndroidManifest.xml:47:13-84
141            android:directBootAware="false"
141-->[androidx.work:work-runtime:2.9.0] AndroidManifest.xml:48:13-44
142            android:enabled="@bool/enable_system_job_service_default"
142-->[androidx.work:work-runtime:2.9.0] AndroidManifest.xml:49:13-70
143            android:exported="true"
143-->[androidx.work:work-runtime:2.9.0] AndroidManifest.xml:50:13-36
144            android:permission="android.permission.BIND_JOB_SERVICE" />
144-->[androidx.work:work-runtime:2.9.0] AndroidManifest.xml:51:13-69
145        <service
145-->[androidx.work:work-runtime:2.9.0] AndroidManifest.xml:53:9-59:35
146            android:name="androidx.work.impl.foreground.SystemForegroundService"
146-->[androidx.work:work-runtime:2.9.0] AndroidManifest.xml:54:13-81
147            android:directBootAware="false"
147-->[androidx.work:work-runtime:2.9.0] AndroidManifest.xml:55:13-44
148            android:enabled="@bool/enable_system_foreground_service_default"
148-->[androidx.work:work-runtime:2.9.0] AndroidManifest.xml:56:13-77
149            android:exported="false" />
149-->[androidx.work:work-runtime:2.9.0] AndroidManifest.xml:57:13-37
150
151        <receiver
151-->[androidx.work:work-runtime:2.9.0] AndroidManifest.xml:61:9-66:35
152            android:name="androidx.work.impl.utils.ForceStopRunnable$BroadcastReceiver"
152-->[androidx.work:work-runtime:2.9.0] AndroidManifest.xml:62:13-88
153            android:directBootAware="false"
153-->[androidx.work:work-runtime:2.9.0] AndroidManifest.xml:63:13-44
154            android:enabled="true"
154-->[androidx.work:work-runtime:2.9.0] AndroidManifest.xml:64:13-35
155            android:exported="false" />
155-->[androidx.work:work-runtime:2.9.0] AndroidManifest.xml:65:13-37
156        <receiver
156-->[androidx.work:work-runtime:2.9.0] AndroidManifest.xml:67:9-77:20
157            android:name="androidx.work.impl.background.systemalarm.ConstraintProxy$BatteryChargingProxy"
157-->[androidx.work:work-runtime:2.9.0] AndroidManifest.xml:68:13-106
158            android:directBootAware="false"
158-->[androidx.work:work-runtime:2.9.0] AndroidManifest.xml:69:13-44
159            android:enabled="false"
159-->[androidx.work:work-runtime:2.9.0] AndroidManifest.xml:70:13-36
160            android:exported="false" >
160-->[androidx.work:work-runtime:2.9.0] AndroidManifest.xml:71:13-37
161            <intent-filter>
161-->[androidx.work:work-runtime:2.9.0] AndroidManifest.xml:73:13-76:29
162                <action android:name="android.intent.action.ACTION_POWER_CONNECTED" />
162-->[androidx.work:work-runtime:2.9.0] AndroidManifest.xml:74:17-87
162-->[androidx.work:work-runtime:2.9.0] AndroidManifest.xml:74:25-84
163                <action android:name="android.intent.action.ACTION_POWER_DISCONNECTED" />
163-->[androidx.work:work-runtime:2.9.0] AndroidManifest.xml:75:17-90
163-->[androidx.work:work-runtime:2.9.0] AndroidManifest.xml:75:25-87
164            </intent-filter>
165        </receiver>
166        <receiver
166-->[androidx.work:work-runtime:2.9.0] AndroidManifest.xml:78:9-88:20
167            android:name="androidx.work.impl.background.systemalarm.ConstraintProxy$BatteryNotLowProxy"
167-->[androidx.work:work-runtime:2.9.0] AndroidManifest.xml:79:13-104
168            android:directBootAware="false"
168-->[androidx.work:work-runtime:2.9.0] AndroidManifest.xml:80:13-44
169            android:enabled="false"
169-->[androidx.work:work-runtime:2.9.0] AndroidManifest.xml:81:13-36
170            android:exported="false" >
170-->[androidx.work:work-runtime:2.9.0] AndroidManifest.xml:82:13-37
171            <intent-filter>
171-->[androidx.work:work-runtime:2.9.0] AndroidManifest.xml:84:13-87:29
172                <action android:name="android.intent.action.BATTERY_OKAY" />
172-->[androidx.work:work-runtime:2.9.0] AndroidManifest.xml:85:17-77
172-->[androidx.work:work-runtime:2.9.0] AndroidManifest.xml:85:25-74
173                <action android:name="android.intent.action.BATTERY_LOW" />
173-->[androidx.work:work-runtime:2.9.0] AndroidManifest.xml:86:17-76
173-->[androidx.work:work-runtime:2.9.0] AndroidManifest.xml:86:25-73
174            </intent-filter>
175        </receiver>
176        <receiver
176-->[androidx.work:work-runtime:2.9.0] AndroidManifest.xml:89:9-99:20
177            android:name="androidx.work.impl.background.systemalarm.ConstraintProxy$StorageNotLowProxy"
177-->[androidx.work:work-runtime:2.9.0] AndroidManifest.xml:90:13-104
178            android:directBootAware="false"
178-->[androidx.work:work-runtime:2.9.0] AndroidManifest.xml:91:13-44
179            android:enabled="false"
179-->[androidx.work:work-runtime:2.9.0] AndroidManifest.xml:92:13-36
180            android:exported="false" >
180-->[androidx.work:work-runtime:2.9.0] AndroidManifest.xml:93:13-37
181            <intent-filter>
181-->[androidx.work:work-runtime:2.9.0] AndroidManifest.xml:95:13-98:29
182                <action android:name="android.intent.action.DEVICE_STORAGE_LOW" />
182-->[androidx.work:work-runtime:2.9.0] AndroidManifest.xml:96:17-83
182-->[androidx.work:work-runtime:2.9.0] AndroidManifest.xml:96:25-80
183                <action android:name="android.intent.action.DEVICE_STORAGE_OK" />
183-->[androidx.work:work-runtime:2.9.0] AndroidManifest.xml:97:17-82
183-->[androidx.work:work-runtime:2.9.0] AndroidManifest.xml:97:25-79
184            </intent-filter>
185        </receiver>
186        <receiver
186-->[androidx.work:work-runtime:2.9.0] AndroidManifest.xml:100:9-109:20
187            android:name="androidx.work.impl.background.systemalarm.ConstraintProxy$NetworkStateProxy"
187-->[androidx.work:work-runtime:2.9.0] AndroidManifest.xml:101:13-103
188            android:directBootAware="false"
188-->[androidx.work:work-runtime:2.9.0] AndroidManifest.xml:102:13-44
189            android:enabled="false"
189-->[androidx.work:work-runtime:2.9.0] AndroidManifest.xml:103:13-36
190            android:exported="false" >
190-->[androidx.work:work-runtime:2.9.0] AndroidManifest.xml:104:13-37
191            <intent-filter>
191-->[androidx.work:work-runtime:2.9.0] AndroidManifest.xml:106:13-108:29
192                <action android:name="android.net.conn.CONNECTIVITY_CHANGE" />
192-->[androidx.work:work-runtime:2.9.0] AndroidManifest.xml:107:17-79
192-->[androidx.work:work-runtime:2.9.0] AndroidManifest.xml:107:25-76
193            </intent-filter>
194        </receiver>
195        <receiver
195-->[androidx.work:work-runtime:2.9.0] AndroidManifest.xml:110:9-121:20
196            android:name="androidx.work.impl.background.systemalarm.RescheduleReceiver"
196-->[androidx.work:work-runtime:2.9.0] AndroidManifest.xml:111:13-88
197            android:directBootAware="false"
197-->[androidx.work:work-runtime:2.9.0] AndroidManifest.xml:112:13-44
198            android:enabled="false"
198-->[androidx.work:work-runtime:2.9.0] AndroidManifest.xml:113:13-36
199            android:exported="false" >
199-->[androidx.work:work-runtime:2.9.0] AndroidManifest.xml:114:13-37
200            <intent-filter>
200-->[androidx.work:work-runtime:2.9.0] AndroidManifest.xml:116:13-120:29
201                <action android:name="android.intent.action.BOOT_COMPLETED" />
201-->src\main\AndroidManifest.xml:69:17-79
201-->src\main\AndroidManifest.xml:69:25-76
202                <action android:name="android.intent.action.TIME_SET" />
202-->[androidx.work:work-runtime:2.9.0] AndroidManifest.xml:118:17-73
202-->[androidx.work:work-runtime:2.9.0] AndroidManifest.xml:118:25-70
203                <action android:name="android.intent.action.TIMEZONE_CHANGED" />
203-->[androidx.work:work-runtime:2.9.0] AndroidManifest.xml:119:17-81
203-->[androidx.work:work-runtime:2.9.0] AndroidManifest.xml:119:25-78
204            </intent-filter>
205        </receiver>
206        <receiver
206-->[androidx.work:work-runtime:2.9.0] AndroidManifest.xml:122:9-131:20
207            android:name="androidx.work.impl.background.systemalarm.ConstraintProxyUpdateReceiver"
207-->[androidx.work:work-runtime:2.9.0] AndroidManifest.xml:123:13-99
208            android:directBootAware="false"
208-->[androidx.work:work-runtime:2.9.0] AndroidManifest.xml:124:13-44
209            android:enabled="@bool/enable_system_alarm_service_default"
209-->[androidx.work:work-runtime:2.9.0] AndroidManifest.xml:125:13-72
210            android:exported="false" >
210-->[androidx.work:work-runtime:2.9.0] AndroidManifest.xml:126:13-37
211            <intent-filter>
211-->[androidx.work:work-runtime:2.9.0] AndroidManifest.xml:128:13-130:29
212                <action android:name="androidx.work.impl.background.systemalarm.UpdateProxies" />
212-->[androidx.work:work-runtime:2.9.0] AndroidManifest.xml:129:17-98
212-->[androidx.work:work-runtime:2.9.0] AndroidManifest.xml:129:25-95
213            </intent-filter>
214        </receiver>
215        <receiver
215-->[androidx.work:work-runtime:2.9.0] AndroidManifest.xml:132:9-142:20
216            android:name="androidx.work.impl.diagnostics.DiagnosticsReceiver"
216-->[androidx.work:work-runtime:2.9.0] AndroidManifest.xml:133:13-78
217            android:directBootAware="false"
217-->[androidx.work:work-runtime:2.9.0] AndroidManifest.xml:134:13-44
218            android:enabled="true"
218-->[androidx.work:work-runtime:2.9.0] AndroidManifest.xml:135:13-35
219            android:exported="true"
219-->[androidx.work:work-runtime:2.9.0] AndroidManifest.xml:136:13-36
220            android:permission="android.permission.DUMP" >
220-->[androidx.work:work-runtime:2.9.0] AndroidManifest.xml:137:13-57
221            <intent-filter>
221-->[androidx.work:work-runtime:2.9.0] AndroidManifest.xml:139:13-141:29
222                <action android:name="androidx.work.diagnostics.REQUEST_DIAGNOSTICS" />
222-->[androidx.work:work-runtime:2.9.0] AndroidManifest.xml:140:17-88
222-->[androidx.work:work-runtime:2.9.0] AndroidManifest.xml:140:25-85
223            </intent-filter>
224        </receiver>
225
226        <uses-library
226-->[androidx.window:window:1.0.0] AndroidManifest.xml:25:9-27:40
227            android:name="androidx.window.extensions"
227-->[androidx.window:window:1.0.0] AndroidManifest.xml:26:13-54
228            android:required="false" />
228-->[androidx.window:window:1.0.0] AndroidManifest.xml:27:13-37
229        <uses-library
229-->[androidx.window:window:1.0.0] AndroidManifest.xml:28:9-30:40
230            android:name="androidx.window.sidecar"
230-->[androidx.window:window:1.0.0] AndroidManifest.xml:29:13-51
231            android:required="false" />
231-->[androidx.window:window:1.0.0] AndroidManifest.xml:30:13-37
232
233        <service
233-->[androidx.room:room-runtime:2.5.0] AndroidManifest.xml:24:9-28:63
234            android:name="androidx.room.MultiInstanceInvalidationService"
234-->[androidx.room:room-runtime:2.5.0] AndroidManifest.xml:25:13-74
235            android:directBootAware="true"
235-->[androidx.room:room-runtime:2.5.0] AndroidManifest.xml:26:13-43
236            android:exported="false" />
236-->[androidx.room:room-runtime:2.5.0] AndroidManifest.xml:27:13-37
237
238        <receiver
238-->[androidx.profileinstaller:profileinstaller:1.3.0] AndroidManifest.xml:34:9-52:20
239            android:name="androidx.profileinstaller.ProfileInstallReceiver"
239-->[androidx.profileinstaller:profileinstaller:1.3.0] AndroidManifest.xml:35:13-76
240            android:directBootAware="false"
240-->[androidx.profileinstaller:profileinstaller:1.3.0] AndroidManifest.xml:36:13-44
241            android:enabled="true"
241-->[androidx.profileinstaller:profileinstaller:1.3.0] AndroidManifest.xml:37:13-35
242            android:exported="true"
242-->[androidx.profileinstaller:profileinstaller:1.3.0] AndroidManifest.xml:38:13-36
243            android:permission="android.permission.DUMP" >
243-->[androidx.profileinstaller:profileinstaller:1.3.0] AndroidManifest.xml:39:13-57
244            <intent-filter>
244-->[androidx.profileinstaller:profileinstaller:1.3.0] AndroidManifest.xml:40:13-42:29
245                <action android:name="androidx.profileinstaller.action.INSTALL_PROFILE" />
245-->[androidx.profileinstaller:profileinstaller:1.3.0] AndroidManifest.xml:41:17-91
245-->[androidx.profileinstaller:profileinstaller:1.3.0] AndroidManifest.xml:41:25-88
246            </intent-filter>
247            <intent-filter>
247-->[androidx.profileinstaller:profileinstaller:1.3.0] AndroidManifest.xml:43:13-45:29
248                <action android:name="androidx.profileinstaller.action.SKIP_FILE" />
248-->[androidx.profileinstaller:profileinstaller:1.3.0] AndroidManifest.xml:44:17-85
248-->[androidx.profileinstaller:profileinstaller:1.3.0] AndroidManifest.xml:44:25-82
249            </intent-filter>
250            <intent-filter>
250-->[androidx.profileinstaller:profileinstaller:1.3.0] AndroidManifest.xml:46:13-48:29
251                <action android:name="androidx.profileinstaller.action.SAVE_PROFILE" />
251-->[androidx.profileinstaller:profileinstaller:1.3.0] AndroidManifest.xml:47:17-88
251-->[androidx.profileinstaller:profileinstaller:1.3.0] AndroidManifest.xml:47:25-85
252            </intent-filter>
253            <intent-filter>
253-->[androidx.profileinstaller:profileinstaller:1.3.0] AndroidManifest.xml:49:13-51:29
254                <action android:name="androidx.profileinstaller.action.BENCHMARK_OPERATION" />
254-->[androidx.profileinstaller:profileinstaller:1.3.0] AndroidManifest.xml:50:17-95
254-->[androidx.profileinstaller:profileinstaller:1.3.0] AndroidManifest.xml:50:25-92
255            </intent-filter>
256        </receiver>
257    </application>
258
259</manifest>